# JRE version: OpenJDK Runtime Environment (8.0_212-b04) (build 1.8.0_212-release-1586-b04)
# Java VM: OpenJDK 64-Bit Server VM (25.212-b04 mixed mode windows-amd64 compressed oops)
Heap:
 PSYoungGen      total 195584K, used 27121K [0x00000000eab00000, 0x00000000f8680000, 0x0000000100000000)
  eden space 173568K, 8% used [0x00000000eab00000,0x00000000eb944100,0x00000000f5480000)
  from space 22016K, 56% used [0x00000000f7100000,0x00000000f7d38328,0x00000000f8680000)
  to   space 25600K, 0% used [0x00000000f5480000,0x00000000f5480000,0x00000000f6d80000)
 ParOldGen       total 183808K, used 71099K [0x00000000c0000000, 0x00000000cb380000, 0x00000000eab00000)
  object space 183808K, 38% used [0x00000000c0000000,0x00000000c456ec08,0x00000000cb380000)
 Metaspace       used 68768K, capacity 71578K, committed 71768K, reserved 1112064K
  class space    used 8882K, capacity 9507K, committed 9600K, reserved 1048576K
GC Heap History (10 events):
Event: 102.514 GC heap before
{Heap before GC invocations=25 (full 4):
 PSYoungGen      total 171520K, used 170523K [0x00000000eab00000, 0x00000000f6d80000, 0x0000000100000000)
  eden space 150528K, 100% used [0x00000000eab00000,0x00000000f3e00000,0x00000000f3e00000)
  from space 20992K, 95% used [0x00000000f5500000,0x00000000f6886c40,0x00000000f6980000)
  to   space 23552K, 0% used [0x00000000f3e00000,0x00000000f3e00000,0x00000000f5500000)
 ParOldGen       total 140288K, used 98205K [0x00000000c0000000, 0x00000000c8900000, 0x00000000eab00000)
  object space 140288K, 70% used [0x00000000c0000000,0x00000000c5fe7460,0x00000000c8900000)
 Metaspace       used 67657K, capacity 70114K, committed 70360K, reserved 1110016K
  class space    used 8832K, capacity 9415K, committed 9472K, reserved 1048576K
Event: 102.687 GC heap after
Heap after GC invocations=25 (full 4):
 PSYoungGen      total 174080K, used 11545K [0x00000000eab00000, 0x00000000f7680000, 0x0000000100000000)
  eden space 150528K, 0% used [0x00000000eab00000,0x00000000eab00000,0x00000000f3e00000)
  from space 23552K, 49% used [0x00000000f3e00000,0x00000000f49466e8,0x00000000f5500000)
  to   space 23040K, 0% used [0x00000000f6000000,0x00000000f6000000,0x00000000f7680000)
 ParOldGen       total 140288K, used 98213K [0x00000000c0000000, 0x00000000c8900000, 0x00000000eab00000)
  object space 140288K, 70% used [0x00000000c0000000,0x00000000c5fe9460,0x00000000c8900000)
 Metaspace       used 67657K, capacity 70114K, committed 70360K, reserved 1110016K
  class space    used 8832K, capacity 9415K, committed 9472K, reserved 1048576K
}
Event: 105.092 GC heap before
{Heap before GC invocations=26 (full 4):
 PSYoungGen      total 174080K, used 162073K [0x00000000eab00000, 0x00000000f7680000, 0x0000000100000000)
  eden space 150528K, 100% used [0x00000000eab00000,0x00000000f3e00000,0x00000000f3e00000)
  from space 23552K, 49% used [0x00000000f3e00000,0x00000000f49466e8,0x00000000f5500000)
  to   space 23040K, 0% used [0x00000000f6000000,0x00000000f6000000,0x00000000f7680000)
 ParOldGen       total 140288K, used 98213K [0x00000000c0000000, 0x00000000c8900000, 0x00000000eab00000)
  object space 140288K, 70% used [0x00000000c0000000,0x00000000c5fe9460,0x00000000c8900000)
 Metaspace       used 68106K, capacity 70520K, committed 70616K, reserved 1110016K
  class space    used 8839K, capacity 9428K, committed 9472K, reserved 1048576K
Event: 105.254 GC heap after
Heap after GC invocations=26 (full 4):
 PSYoungGen      total 182272K, used 22204K [0x00000000eab00000, 0x00000000f8100000, 0x0000000100000000)
  eden space 159232K, 0% used [0x00000000eab00000,0x00000000eab00000,0x00000000f4680000)
  from space 23040K, 96% used [0x00000000f6000000,0x00000000f75af038,0x00000000f7680000)
  to   space 26112K, 0% used [0x00000000f4680000,0x00000000f4680000,0x00000000f6000000)
 ParOldGen       total 166400K, used 164186K [0x00000000c0000000, 0x00000000ca280000, 0x00000000eab00000)
  object space 166400K, 98% used [0x00000000c0000000,0x00000000ca056a90,0x00000000ca280000)
 Metaspace       used 68106K, capacity 70520K, committed 70616K, reserved 1110016K
  class space    used 8839K, capacity 9428K, committed 9472K, reserved 1048576K
}
Event: 105.257 GC heap before
{Heap before GC invocations=27 (full 5):
 PSYoungGen      total 182272K, used 22204K [0x00000000eab00000, 0x00000000f8100000, 0x0000000100000000)
  eden space 159232K, 0% used [0x00000000eab00000,0x00000000eab00000,0x00000000f4680000)
  from space 23040K, 96% used [0x00000000f6000000,0x00000000f75af038,0x00000000f7680000)
  to   space 26112K, 0% used [0x00000000f4680000,0x00000000f4680000,0x00000000f6000000)
 ParOldGen       total 166400K, used 164186K [0x00000000c0000000, 0x00000000ca280000, 0x00000000eab00000)
  object space 166400K, 98% used [0x00000000c0000000,0x00000000ca056a90,0x00000000ca280000)
 Metaspace       used 68106K, capacity 70520K, committed 70616K, reserved 1110016K
  class space    used 8839K, capacity 9428K, committed 9472K, reserved 1048576K
Event: 106.992 GC heap after
Heap after GC invocations=27 (full 5):
 PSYoungGen      total 182272K, used 0K [0x00000000eab00000, 0x00000000f8100000, 0x0000000100000000)
  eden space 159232K, 0% used [0x00000000eab00000,0x00000000eab00000,0x00000000f4680000)
  from space 23040K, 0% used [0x00000000f6000000,0x00000000f6000000,0x00000000f7680000)
  to   space 26112K, 0% used [0x00000000f4680000,0x00000000f4680000,0x00000000f6000000)
 ParOldGen       total 183808K, used 71083K [0x00000000c0000000, 0x00000000cb380000, 0x00000000eab00000)
  object space 183808K, 38% used [0x00000000c0000000,0x00000000c456ac08,0x00000000cb380000)
 Metaspace       used 68106K, capacity 70520K, committed 70616K, reserved 1110016K
  class space    used 8839K, capacity 9428K, committed 9472K, reserved 1048576K
}
Event: 108.877 GC heap before
{Heap before GC invocations=28 (full 5):
 PSYoungGen      total 182272K, used 159184K [0x00000000eab00000, 0x00000000f8100000, 0x0000000100000000)
  eden space 159232K, 99% used [0x00000000eab00000,0x00000000f4674310,0x00000000f4680000)
  from space 23040K, 0% used [0x00000000f6000000,0x00000000f6000000,0x00000000f7680000)
  to   space 26112K, 0% used [0x00000000f4680000,0x00000000f4680000,0x00000000f6000000)
 ParOldGen       total 183808K, used 71083K [0x00000000c0000000, 0x00000000cb380000, 0x00000000eab00000)
  object space 183808K, 38% used [0x00000000c0000000,0x00000000c456ac08,0x00000000cb380000)
 Metaspace       used 68157K, capacity 70654K, committed 70872K, reserved 1110016K
  class space    used 8840K, capacity 9429K, committed 9472K, reserved 1048576K
Event: 108.901 GC heap after
Heap after GC invocations=28 (full 5):
 PSYoungGen      total 185344K, used 1225K [0x00000000eab00000, 0x00000000f8b00000, 0x0000000100000000)
  eden space 159232K, 0% used [0x00000000eab00000,0x00000000eab00000,0x00000000f4680000)
  from space 26112K, 4% used [0x00000000f4680000,0x00000000f47b2768,0x00000000f6000000)
  to   space 26624K, 0% used [0x00000000f7100000,0x00000000f7100000,0x00000000f8b00000)
 ParOldGen       total 183808K, used 71091K [0x00000000c0000000, 0x00000000cb380000, 0x00000000eab00000)
  object space 183808K, 38% used [0x00000000c0000000,0x00000000c456cc08,0x00000000cb380000)
 Metaspace       used 68157K, capacity 70654K, committed 70872K, reserved 1110016K
  class space    used 8840K, capacity 9429K, committed 9472K, reserved 1048576K
}
Event: 157.312 GC heap before
{Heap before GC invocations=29 (full 5):
 PSYoungGen      total 185344K, used 160457K [0x00000000eab00000, 0x00000000f8b00000, 0x0000000100000000)
  eden space 159232K, 100% used [0x00000000eab00000,0x00000000f4680000,0x00000000f4680000)
  from space 26112K, 4% used [0x00000000f4680000,0x00000000f47b2768,0x00000000f6000000)
  to   space 26624K, 0% used [0x00000000f7100000,0x00000000f7100000,0x00000000f8b00000)
 ParOldGen       total 183808K, used 71091K [0x00000000c0000000, 0x00000000cb380000, 0x00000000eab00000)
  object space 183808K, 38% used [0x00000000c0000000,0x00000000c456cc08,0x00000000cb380000)
 Metaspace       used 68656K, capacity 71514K, committed 71768K, reserved 1112064K
  class space    used 8882K, capacity 9507K, committed 9600K, reserved 1048576K
Event: 157.567 GC heap after
Heap after GC invocations=29 (full 5):
 PSYoungGen      total 195584K, used 12512K [0x00000000eab00000, 0x00000000f8680000, 0x0000000100000000)
  eden space 173568K, 0% used [0x00000000eab00000,0x00000000eab00000,0x00000000f5480000)
  from space 22016K, 56% used [0x00000000f7100000,0x00000000f7d38328,0x00000000f8680000)
  to   space 25600K, 0% used [0x00000000f5480000,0x00000000f5480000,0x00000000f6d80000)
 ParOldGen       total 183808K, used 71099K [0x00000000c0000000, 0x00000000cb380000, 0x00000000eab00000)
  object space 183808K, 38% used [0x00000000c0000000,0x00000000c456ec08,0x00000000cb380000)
 Metaspace       used 68656K, capacity 71514K, committed 71768K, reserved 1112064K
  class space    used 8882K, capacity 9507K, committed 9600K, reserved 1048576K
}

