# JRE version: OpenJDK Runtime Environment (8.0_212-b04) (build 1.8.0_212-release-1586-b04)
# Java VM: OpenJDK 64-Bit Server VM (25.212-b04 mixed mode windows-amd64 compressed oops)
Heap:
 PSYoungGen      total 133632K, used 37849K [0x00000000eab00000, 0x00000000ff880000, 0x0000000100000000)
  eden space 126464K, 24% used [0x00000000eab00000,0x00000000ec8ff770,0x00000000f2680000)
  from space 7168K, 99% used [0x00000000f2680000,0x00000000f2d76cd8,0x00000000f2d80000)
  to   space 107520K, 0% used [0x00000000f8f80000,0x00000000f8f80000,0x00000000ff880000)
 ParOldGen       total 214528K, used 83964K [0x00000000c0000000, 0x00000000cd180000, 0x00000000eab00000)
  object space 214528K, 39% used [0x00000000c0000000,0x00000000c51ff058,0x00000000cd180000)
 Metaspace       used 81609K, capacity 86144K, committed 86744K, reserved 1124352K
  class space    used 10095K, capacity 10940K, committed 11224K, reserved 1048576K
GC Heap History (10 events):
Event: 5739.452 GC heap before
{Heap before GC invocations=66 (full 9):
 PSYoungGen      total 241664K, used 131368K [0x00000000eab00000, 0x0000000100000000, 0x0000000100000000)
  eden space 132096K, 99% used [0x00000000eab00000,0x00000000f2b4a2b8,0x00000000f2c00000)
  from space 109568K, 0% used [0x00000000f9500000,0x00000000f9500000,0x0000000100000000)
  to   space 107520K, 0% used [0x00000000f2c00000,0x00000000f2c00000,0x00000000f9500000)
 ParOldGen       total 214528K, used 77513K [0x00000000c0000000, 0x00000000cd180000, 0x00000000eab00000)
  object space 214528K, 36% used [0x00000000c0000000,0x00000000c4bb2750,0x00000000cd180000)
 Metaspace       used 81037K, capacity 84976K, committed 86488K, reserved 1124352K
  class space    used 10011K, capacity 10788K, committed 11224K, reserved 1048576K
Event: 5739.497 GC heap after
Heap after GC invocations=66 (full 9):
 PSYoungGen      total 150528K, used 18145K [0x00000000eab00000, 0x00000000ff700000, 0x0000000100000000)
  eden space 132096K, 0% used [0x00000000eab00000,0x00000000eab00000,0x00000000f2c00000)
  from space 18432K, 98% used [0x00000000f2c00000,0x00000000f3db84a8,0x00000000f3e00000)
  to   space 103936K, 0% used [0x00000000f9180000,0x00000000f9180000,0x00000000ff700000)
 ParOldGen       total 214528K, used 77521K [0x00000000c0000000, 0x00000000cd180000, 0x00000000eab00000)
  object space 214528K, 36% used [0x00000000c0000000,0x00000000c4bb4750,0x00000000cd180000)
 Metaspace       used 81037K, capacity 84976K, committed 86488K, reserved 1124352K
  class space    used 10011K, capacity 10788K, committed 11224K, reserved 1048576K
}
Event: 6106.257 GC heap before
{Heap before GC invocations=67 (full 9):
 PSYoungGen      total 150528K, used 150241K [0x00000000eab00000, 0x00000000ff700000, 0x0000000100000000)
  eden space 132096K, 100% used [0x00000000eab00000,0x00000000f2c00000,0x00000000f2c00000)
  from space 18432K, 98% used [0x00000000f2c00000,0x00000000f3db84a8,0x00000000f3e00000)
  to   space 103936K, 0% used [0x00000000f9180000,0x00000000f9180000,0x00000000ff700000)
 ParOldGen       total 214528K, used 77521K [0x00000000c0000000, 0x00000000cd180000, 0x00000000eab00000)
  object space 214528K, 36% used [0x00000000c0000000,0x00000000c4bb4750,0x00000000cd180000)
 Metaspace       used 81465K, capacity 85976K, committed 86488K, reserved 1124352K
  class space    used 10079K, capacity 10912K, committed 11224K, reserved 1048576K
Event: 6106.357 GC heap after
Heap after GC invocations=67 (full 9):
 PSYoungGen      total 238592K, used 7473K [0x00000000eab00000, 0x0000000100000000, 0x0000000100000000)
  eden space 134656K, 0% used [0x00000000eab00000,0x00000000eab00000,0x00000000f2e80000)
  from space 103936K, 7% used [0x00000000f9180000,0x00000000f98cc4a8,0x00000000ff700000)
  to   space 101376K, 0% used [0x00000000f2e80000,0x00000000f2e80000,0x00000000f9180000)
 ParOldGen       total 214528K, used 77657K [0x00000000c0000000, 0x00000000cd180000, 0x00000000eab00000)
  object space 214528K, 36% used [0x00000000c0000000,0x00000000c4bd6780,0x00000000cd180000)
 Metaspace       used 81465K, capacity 85976K, committed 86488K, reserved 1124352K
  class space    used 10079K, capacity 10912K, committed 11224K, reserved 1048576K
}
Event: 6107.420 GC heap before
{Heap before GC invocations=68 (full 9):
 PSYoungGen      total 238592K, used 142129K [0x00000000eab00000, 0x0000000100000000, 0x0000000100000000)
  eden space 134656K, 100% used [0x00000000eab00000,0x00000000f2e80000,0x00000000f2e80000)
  from space 103936K, 7% used [0x00000000f9180000,0x00000000f98cc4a8,0x00000000ff700000)
  to   space 101376K, 0% used [0x00000000f2e80000,0x00000000f2e80000,0x00000000f9180000)
 ParOldGen       total 214528K, used 77657K [0x00000000c0000000, 0x00000000cd180000, 0x00000000eab00000)
  object space 214528K, 36% used [0x00000000c0000000,0x00000000c4bd6780,0x00000000cd180000)
 Metaspace       used 81472K, capacity 85976K, committed 86488K, reserved 1124352K
  class space    used 10080K, capacity 10912K, committed 11224K, reserved 1048576K
Event: 6107.620 GC heap after
Heap after GC invocations=68 (full 9):
 PSYoungGen      total 236032K, used 79626K [0x00000000eab00000, 0x0000000100000000, 0x0000000100000000)
  eden space 134656K, 0% used [0x00000000eab00000,0x00000000eab00000,0x00000000f2e80000)
  from space 101376K, 78% used [0x00000000f2e80000,0x00000000f7c42aa8,0x00000000f9180000)
  to   space 112128K, 0% used [0x00000000f9280000,0x00000000f9280000,0x0000000100000000)
 ParOldGen       total 214528K, used 83360K [0x00000000c0000000, 0x00000000cd180000, 0x00000000eab00000)
  object space 214528K, 38% used [0x00000000c0000000,0x00000000c5168018,0x00000000cd180000)
 Metaspace       used 81472K, capacity 85976K, committed 86488K, reserved 1124352K
  class space    used 10080K, capacity 10912K, committed 11224K, reserved 1048576K
}
Event: 6108.730 GC heap before
{Heap before GC invocations=69 (full 9):
 PSYoungGen      total 236032K, used 214265K [0x00000000eab00000, 0x0000000100000000, 0x0000000100000000)
  eden space 134656K, 99% used [0x00000000eab00000,0x00000000f2e7bbb0,0x00000000f2e80000)
  from space 101376K, 78% used [0x00000000f2e80000,0x00000000f7c42aa8,0x00000000f9180000)
  to   space 112128K, 0% used [0x00000000f9280000,0x00000000f9280000,0x0000000100000000)
 ParOldGen       total 214528K, used 83360K [0x00000000c0000000, 0x00000000cd180000, 0x00000000eab00000)
  object space 214528K, 38% used [0x00000000c0000000,0x00000000c5168018,0x00000000cd180000)
 Metaspace       used 81539K, capacity 86138K, committed 86744K, reserved 1124352K
  class space    used 10094K, capacity 10939K, committed 11224K, reserved 1048576K
Event: 6108.751 GC heap after
Heap after GC invocations=69 (full 9):
 PSYoungGen      total 238592K, used 1193K [0x00000000eab00000, 0x0000000100000000, 0x0000000100000000)
  eden space 126464K, 0% used [0x00000000eab00000,0x00000000eab00000,0x00000000f2680000)
  from space 112128K, 1% used [0x00000000f9280000,0x00000000f93aa768,0x0000000100000000)
  to   space 110592K, 0% used [0x00000000f2680000,0x00000000f2680000,0x00000000f9280000)
 ParOldGen       total 214528K, used 83812K [0x00000000c0000000, 0x00000000cd180000, 0x00000000eab00000)
  object space 214528K, 39% used [0x00000000c0000000,0x00000000c51d9028,0x00000000cd180000)
 Metaspace       used 81539K, capacity 86138K, committed 86744K, reserved 1124352K
  class space    used 10094K, capacity 10939K, committed 11224K, reserved 1048576K
}
Event: 7033.262 GC heap before
{Heap before GC invocations=70 (full 9):
 PSYoungGen      total 238592K, used 127657K [0x00000000eab00000, 0x0000000100000000, 0x0000000100000000)
  eden space 126464K, 100% used [0x00000000eab00000,0x00000000f2680000,0x00000000f2680000)
  from space 112128K, 1% used [0x00000000f9280000,0x00000000f93aa768,0x0000000100000000)
  to   space 110592K, 0% used [0x00000000f2680000,0x00000000f2680000,0x00000000f9280000)
 ParOldGen       total 214528K, used 83812K [0x00000000c0000000, 0x00000000cd180000, 0x00000000eab00000)
  object space 214528K, 39% used [0x00000000c0000000,0x00000000c51d9028,0x00000000cd180000)
 Metaspace       used 81581K, capacity 86144K, committed 86744K, reserved 1124352K
  class space    used 10095K, capacity 10940K, committed 11224K, reserved 1048576K
Event: 7033.679 GC heap after
Heap after GC invocations=70 (full 9):
 PSYoungGen      total 133632K, used 7131K [0x00000000eab00000, 0x00000000ff880000, 0x0000000100000000)
  eden space 126464K, 0% used [0x00000000eab00000,0x00000000eab00000,0x00000000f2680000)
  from space 7168K, 99% used [0x00000000f2680000,0x00000000f2d76cd8,0x00000000f2d80000)
  to   space 107520K, 0% used [0x00000000f8f80000,0x00000000f8f80000,0x00000000ff880000)
 ParOldGen       total 214528K, used 83964K [0x00000000c0000000, 0x00000000cd180000, 0x00000000eab00000)
  object space 214528K, 39% used [0x00000000c0000000,0x00000000c51ff058,0x00000000cd180000)
 Metaspace       used 81581K, capacity 86144K, committed 86744K, reserved 1124352K
  class space    used 10095K, capacity 10940K, committed 11224K, reserved 1048576K
}

